<?xml version="1.0" encoding="UTF-8"?>
<!-- Generated by org.testng.reporters.JUnitReportReporter -->
<testsuite skipped="0" hostname="LAPTOP-7TPHC85O" name="pom.test.FBLoginTest" tests="1" failures="0" timestamp="28 Jun 2020 07:32:42 GMT" time="18.552" errors="0">
  <testcase name="facebookTest" time="18.552" classname="pom.test.FBLoginTest"/>
</testsuite> <!-- pom.test.FBLoginTest -->
